<?xml version="1.0" encoding="UTF-8"?>
<!-- Generated by org.testng.reporters.JUnitReportReporter -->
<testsuite hostname="DESKTOP-52RJ0DB" failures="0" tests="3" name="AnnotationTestNG.AnnotationDemo" time="0.022" errors="0" timestamp="2023-12-10T19:27:50 IST" skipped="0">
  <testcase classname="AnnotationTestNG.AnnotationDemo" name="test1" time="0.006"/>
  <system-out/>
  <testcase classname="AnnotationTestNG.AnnotationDemo" name="test" time="0.007"/>
  <system-out/>
  <testcase classname="AnnotationTestNG.AnnotationDemo" name="test2" time="0.009"/>
  <system-out/>
</testsuite> <!-- AnnotationTestNG.AnnotationDemo -->
