<?xml version="1.0" encoding="UTF-8"?>
<!-- Generated by org.testng.reporters.JUnitReportReporter -->
<testsuite hostname="DESKTOP-52RJ0DB" failures="0" tests="1" name="AnnotationTestNG.assignmentOne" time="3.228" errors="0" timestamp="2023-12-10T21:50:06 IST" skipped="0">
  <testcase classname="AnnotationTestNG.assignmentOne" name="login" time="3.228"/>
  <system-out/>
</testsuite> <!-- AnnotationTestNG.assignmentOne -->
