<?xml version="1.0" encoding="UTF-8"?>
<!-- Generated by org.testng.reporters.JUnitReportReporter -->
<testsuite hostname="DESKTOP-52RJ0DB" failures="0" tests="4" name="AnnotationTestNG.AnnotationActual" time="15.359" errors="0" timestamp="2023-12-11T19:52:25 IST" skipped="0">
  <testcase classname="AnnotationTestNG.AnnotationActual" name="login" time="3.293"/>
  <system-out/>
  <testcase classname="AnnotationTestNG.AnnotationActual" name="sumEmployee" time="4.472"/>
  <system-out/>
  <testcase classname="AnnotationTestNG.AnnotationActual" name="pim" time="4.041"/>
  <system-out/>
  <testcase classname="AnnotationTestNG.AnnotationActual" name="reports" time="3.553"/>
  <system-out/>
</testsuite> <!-- AnnotationTestNG.AnnotationActual -->
