<?xml version="1.0" encoding="UTF-8"?>
<!-- Generated by org.testng.reporters.JUnitReportReporter -->
<testsuite hostname="DESKTOP-52RJ0DB" failures="0" tests="9" name="Swag_Labs_TestNG.loginFunctionality" time="96.387" errors="0" timestamp="2024-01-13T23:18:31 IST" skipped="0">
  <testcase classname="Swag_Labs_TestNG.loginFunctionality" name="login" time="10.077"/>
  <system-out/>
  <testcase classname="Swag_Labs_TestNG.loginFunctionality" name="login" time="15.100"/>
  <system-out/>
  <testcase classname="Swag_Labs_TestNG.loginFunctionality" name="login" time="10.188"/>
  <system-out/>
  <testcase classname="Swag_Labs_TestNG.loginFunctionality" name="login" time="10.745"/>
  <system-out/>
  <testcase classname="Swag_Labs_TestNG.loginFunctionality" name="login" time="9.612"/>
  <system-out/>
  <testcase classname="Swag_Labs_TestNG.loginFunctionality" name="login" time="10.465"/>
  <system-out/>
  <testcase classname="Swag_Labs_TestNG.loginFunctionality" name="login" time="9.989"/>
  <system-out/>
  <testcase classname="Swag_Labs_TestNG.loginFunctionality" name="login" time="10.246"/>
  <system-out/>
  <testcase classname="Swag_Labs_TestNG.loginFunctionality" name="login" time="9.965"/>
  <system-out/>
</testsuite> <!-- Swag_Labs_TestNG.loginFunctionality -->
